<?xml version="1.0" encoding="UTF-8"?>
<!-- Generated by org.testng.reporters.JUnitReportReporter -->
<testsuite hostname="Sudhakar" failures="0" tests="2" name="example.GridExample" time="24.770" errors="0" timestamp="2 Nov 2020 09:49:33 GMT">
  <testcase classname="example.GridExample" name="Grid" time="6.739"/>
  <testcase classname="example.GridExample" name="Grid1" time="18.031"/>
</testsuite> <!-- example.GridExample -->
